<?xml version="1.0" encoding="UTF-8"?>
<!-- Generated by org.testng.reporters.JUnitReportReporter -->
<testsuite hostname="Suresh-PC" name="restTests.TC_API_001" tests="1" failures="0" timestamp="3 Oct 2020 10:18:11 GMT" time="6.733" errors="0">
  <testcase name="deleteRequest" time="6.733" classname="restTests.TC_API_001"/>
</testsuite> <!-- restTests.TC_API_001 -->
