<?xml version="1.0" encoding="UTF-8"?>
<!-- Generated by org.testng.reporters.JUnitReportReporter -->
<testsuite hostname="Suresh-PC" name="restTests.TC_APT_001" tests="1" failures="0" timestamp="3 Oct 2020 07:58:10 GMT" time="10.270" errors="0">
  <testcase name="getResponseBodyResults" time="10.270" classname="restTests.TC_APT_001"/>
</testsuite> <!-- restTests.TC_APT_001 -->
