<?xml version="1.0" encoding="UTF-8"?>
<!-- Generated by org.testng.reporters.JUnitReportReporter -->
<testsuite skipped="0" hostname="Lenovo" name="testCases.TC001" tests="1" failures="0" timestamp="18 Apr 2020 16:31:48 GMT" time="0.022" errors="0">
  <testcase name="function" time="0.022" classname="testCases.TC001"/>
</testsuite> <!-- testCases.TC001 -->
